<?xml version="1.0" encoding="UTF-8"?>
<testsuite xmlns:xsi="http://www.w3.org/2001/XMLSchema-instance" xsi:noNamespaceSchemaLocation="https://maven.apache.org/surefire/maven-surefire-plugin/xsd/surefire-test-report.xsd" name="Смартфоны" time="149.693" tests="9" errors="9" skipped="0" failures="0">
  <properties>
[...]
</properties>
  <testcase name="Смартфоны - Просмотр страницы Смартфоны" classname="Смартфоны" time="18.24">
    <error message="The step &apos;Открыта страница &quot;Смартфоны&quot;&apos; and 1 other step(s) are undefined.&#10;You can implement these steps using the snippet(s) below:&#10;&#10;@Когда(&quot;Открыта страница {string}&quot;)&#10;public void открыта_страница(String string) {&#10;    // Write code here that turns the phrase above into concrete actions&#10;    throw new io.cucumber.java.PendingException();&#10;}&#10;@Когда(&quot;В фильтре {string} выбрано значение {string}&quot;)&#10;public void в_фильтре_выбрано_значение(String string, String string2) {&#10;    // Write code here that turns the phrase above into concrete actions&#10;    throw new io.cucumber.java.PendingException();&#10;}&#10;" type="io.cucumber.junit.platform.engine.UndefinedStepException">io.cucumber.junit.platform.engine.UndefinedStepException: 
The step 'Открыта страница "Смартфоны"' and 1 other step(s) are undefined.
You can implement these steps using the snippet(s) below:

@Когда("Открыта страница {string}")
public void открыта_страница(String string) {
    // Write code here that turns the phrase above into concrete actions
    throw new io.cucumber.java.PendingException();
}
@Когда("В фильтре {string} выбрано значение {string}")
public void в_фильтре_выбрано_значение(String string, String string2) {
    // Write code here that turns the phrase above into concrete actions
    throw new io.cucumber.java.PendingException();
}

</error>
    <system-out><![CDATA[[20:26:54.992] | INFO  | main                             | WebDriverFactory                 | Драйвер браузера Google Chrome
2022-12-10 20:26:55 INFO  WebDriverManager:1238 - Using chromedriver 108.0.5359.71 (resolved driver for Chrome 108)
2022-12-10 20:26:55 INFO  WebDriverManager:1291 - Exporting webdriver.chrome.driver as C:\Users\stasp\.cache\selenium\chromedriver\win32\108.0.5359.71\chromedriver.exe
[20:26:57.010] | INFO  | main                             | DriverHooks                      | Драйвер стартовал!
[20:26:57.948] | INFO  | main                             | ScreenShotHooks                  | Скриншот сохранен в файле [temp\Просмотр страницы Смартфоны-1670693217637.png]
[20:27:04.294] | INFO  | main                             | StartPage                        | Открыта страница https://www.dns-shop.ru/
[20:27:04.295] | INFO  | main                             | StartPageSteps                   | Страница [Стартовая страница DNS]: Открыта "Стартовая страница сайта DNS"
[20:27:05.489] | INFO  | main                             | ScreenShotHooks                  | Скриншот сохранен в файле [temp\Просмотр страницы Смартфоны-1670693225195.png]
[20:27:06.279] | INFO  | main                             | ScreenShotHooks                  | Скриншот сохранен в файле [temp\Просмотр страницы Смартфоны-1670693226098.png]
[20:27:10.101] | INFO  | main                             | StartPageSteps                   | Страница [Стартовая страница DNS]: Выполнен переход на страницу "Смартфоны"
[20:27:11.089] | INFO  | main                             | ScreenShotHooks                  | Скриншот сохранен в файле [temp\Просмотр страницы Смартфоны-1670693230893.png]
[20:27:11.712] | INFO  | main                             | ScreenShotHooks                  | Скриншот сохранен в файле [temp\Просмотр страницы Смартфоны-1670693231533.png]
[20:27:12.340] | INFO  | main                             | ScreenShotHooks                  | Скриншот сохранен в файле [temp\Просмотр страницы Смартфоны-1670693232151.png]
[20:27:13.210] | INFO  | main                             | DriverHooks                      | Драйвер остановлен!
]]></system-out>
    <system-err><![CDATA[Starting ChromeDriver 108.0.5359.71 (1e0e3868ee06e91ad636a874420e3ca3ae3756ac-refs/branch-heads/5359@{#1016}) on port 5435
Only local connections are allowed.
Please see https://chromedriver.chromium.org/security-considerations for suggestions on keeping ChromeDriver safe.
ChromeDriver was started successfully.
дек. 10, 2022 8:26:57 PM org.openqa.selenium.devtools.CdpVersionFinder findNearestMatch
WARNING: Unable to find an exact match for CDP version 108, so returning the closest version found: 107
]]></system-err>
  </testcase>
  <testcase name="Смартфоны - Проверка заголовка страницы Смартфоны" classname="Смартфоны" time="20.711">
    <error message="The step &apos;Открыта страница &quot;Смартфоны&quot;&apos; and 1 other step(s) are undefined.&#10;You can implement these steps using the snippet(s) below:&#10;&#10;@Когда(&quot;Открыта страница {string}&quot;)&#10;public void открыта_страница(String string) {&#10;    // Write code here that turns the phrase above into concrete actions&#10;    throw new io.cucumber.java.PendingException();&#10;}&#10;@Тогда(&quot;Проверка: Заголовок страницы {string} содержит текст {string}&quot;)&#10;public void проверка_заголовок_страницы_содержит_текст(String string, String string2) {&#10;    // Write code here that turns the phrase above into concrete actions&#10;    throw new io.cucumber.java.PendingException();&#10;}&#10;" type="io.cucumber.junit.platform.engine.UndefinedStepException">io.cucumber.junit.platform.engine.UndefinedStepException: 
The step 'Открыта страница "Смартфоны"' and 1 other step(s) are undefined.
You can implement these steps using the snippet(s) below:

@Когда("Открыта страница {string}")
public void открыта_страница(String string) {
    // Write code here that turns the phrase above into concrete actions
    throw new io.cucumber.java.PendingException();
}
@Тогда("Проверка: Заголовок страницы {string} содержит текст {string}")
public void проверка_заголовок_страницы_содержит_текст(String string, String string2) {
    // Write code here that turns the phrase above into concrete actions
    throw new io.cucumber.java.PendingException();
}

</error>
    <system-out><![CDATA[[20:27:13.271] | INFO  | main                             | WebDriverFactory                 | Драйвер браузера Google Chrome
2022-12-10 20:27:13 INFO  WebDriverManager:1238 - Using chromedriver 108.0.5359.71 (resolved driver for Chrome 108)
2022-12-10 20:27:13 INFO  WebDriverManager:1291 - Exporting webdriver.chrome.driver as C:\Users\stasp\.cache\selenium\chromedriver\win32\108.0.5359.71\chromedriver.exe
[20:27:17.705] | INFO  | main                             | DriverHooks                      | Драйвер стартовал!
[20:27:18.572] | INFO  | main                             | ScreenShotHooks                  | Скриншот сохранен в файле [temp\Проверка заголовка страницы Смартфоны-1670693238297.png]
[20:27:24.810] | INFO  | main                             | StartPage                        | Открыта страница https://www.dns-shop.ru/
[20:27:24.810] | INFO  | main                             | StartPageSteps                   | Страница [Стартовая страница DNS]: Открыта "Стартовая страница сайта DNS"
[20:27:26.022] | INFO  | main                             | ScreenShotHooks                  | Скриншот сохранен в файле [temp\Проверка заголовка страницы Смартфоны-1670693245826.png]
[20:27:26.763] | INFO  | main                             | ScreenShotHooks                  | Скриншот сохранен в файле [temp\Проверка заголовка страницы Смартфоны-1670693246573.png]
[20:27:30.863] | INFO  | main                             | StartPageSteps                   | Страница [Стартовая страница DNS]: Выполнен переход на страницу "Смартфоны"
[20:27:32.112] | INFO  | main                             | ScreenShotHooks                  | Скриншот сохранен в файле [temp\Проверка заголовка страницы Смартфоны-1670693251900.png]
[20:27:32.734] | INFO  | main                             | ScreenShotHooks                  | Скриншот сохранен в файле [temp\Проверка заголовка страницы Смартфоны-1670693252550.png]
[20:27:33.374] | INFO  | main                             | ScreenShotHooks                  | Скриншот сохранен в файле [temp\Проверка заголовка страницы Смартфоны-1670693253193.png]
[20:27:33.959] | INFO  | main                             | DriverHooks                      | Драйвер остановлен!
]]></system-out>
    <system-err><![CDATA[Starting ChromeDriver 108.0.5359.71 (1e0e3868ee06e91ad636a874420e3ca3ae3756ac-refs/branch-heads/5359@{#1016}) on port 25448
Only local connections are allowed.
Please see https://chromedriver.chromium.org/security-considerations for suggestions on keeping ChromeDriver safe.
ChromeDriver was started successfully.
дек. 10, 2022 8:27:17 PM org.openqa.selenium.devtools.CdpVersionFinder findNearestMatch
WARNING: Unable to find an exact match for CDP version 108, so returning the closest version found: 107
]]></system-err>
  </testcase>
  <testcase name="Смартфоны - Фильтрация и сортировка смартфонов на странице Смартфоны - Примеры - Example #1" classname="Смартфоны - Фильтрация и сортировка смартфонов на странице Смартфоны - Примеры" time="20.186">
    <error message="The step &apos;Открыта страница &quot;Смартфоны&quot;&apos; and 1 other step(s) are undefined.&#10;You can implement these steps using the snippet(s) below:&#10;&#10;@Когда(&quot;Открыта страница {string}&quot;)&#10;public void открыта_страница(String string) {&#10;    // Write code here that turns the phrase above into concrete actions&#10;    throw new io.cucumber.java.PendingException();&#10;}&#10;@Когда(&quot;В фильтре {string} выбрано значение {string}&quot;)&#10;public void в_фильтре_выбрано_значение(String string, String string2) {&#10;    // Write code here that turns the phrase above into concrete actions&#10;    throw new io.cucumber.java.PendingException();&#10;}&#10;" type="io.cucumber.junit.platform.engine.UndefinedStepException">io.cucumber.junit.platform.engine.UndefinedStepException: 
The step 'Открыта страница "Смартфоны"' and 1 other step(s) are undefined.
You can implement these steps using the snippet(s) below:

@Когда("Открыта страница {string}")
public void открыта_страница(String string) {
    // Write code here that turns the phrase above into concrete actions
    throw new io.cucumber.java.PendingException();
}
@Когда("В фильтре {string} выбрано значение {string}")
public void в_фильтре_выбрано_значение(String string, String string2) {
    // Write code here that turns the phrase above into concrete actions
    throw new io.cucumber.java.PendingException();
}

</error>
    <system-out><![CDATA[[20:27:34.038] | INFO  | main                             | WebDriverFactory                 | Драйвер браузера Google Chrome
2022-12-10 20:27:34 INFO  WebDriverManager:1238 - Using chromedriver 108.0.5359.71 (resolved driver for Chrome 108)
2022-12-10 20:27:34 INFO  WebDriverManager:1291 - Exporting webdriver.chrome.driver as C:\Users\stasp\.cache\selenium\chromedriver\win32\108.0.5359.71\chromedriver.exe
[20:27:37.990] | INFO  | main                             | DriverHooks                      | Драйвер стартовал!
[20:27:38.827] | INFO  | main                             | ScreenShotHooks                  | Скриншот сохранен в файле [temp\Фильтрация и сортировка смартфонов на странице Смартфоны-1670693258520.png]
[20:27:45.149] | INFO  | main                             | StartPage                        | Открыта страница https://www.dns-shop.ru/
[20:27:45.149] | INFO  | main                             | StartPageSteps                   | Страница [Стартовая страница DNS]: Открыта "Стартовая страница сайта DNS"
[20:27:46.324] | INFO  | main                             | ScreenShotHooks                  | Скриншот сохранен в файле [temp\Фильтрация и сортировка смартфонов на странице Смартфоны-1670693266032.png]
[20:27:47.059] | INFO  | main                             | ScreenShotHooks                  | Скриншот сохранен в файле [temp\Фильтрация и сортировка смартфонов на странице Смартфоны-1670693266877.png]
[20:27:51.138] | INFO  | main                             | StartPageSteps                   | Страница [Стартовая страница DNS]: Выполнен переход на страницу "Смартфоны"
[20:27:52.389] | INFO  | main                             | ScreenShotHooks                  | Скриншот сохранен в файле [temp\Фильтрация и сортировка смартфонов на странице Смартфоны-1670693272126.png]
[20:27:52.975] | INFO  | main                             | ScreenShotHooks                  | Скриншот сохранен в файле [temp\Фильтрация и сортировка смартфонов на странице Смартфоны-1670693272796.png]
[20:27:53.600] | INFO  | main                             | ScreenShotHooks                  | Скриншот сохранен в файле [temp\Фильтрация и сортировка смартфонов на странице Смартфоны-1670693273403.png]
[20:27:54.145] | INFO  | main                             | DriverHooks                      | Драйвер остановлен!
]]></system-out>
    <system-err><![CDATA[Starting ChromeDriver 108.0.5359.71 (1e0e3868ee06e91ad636a874420e3ca3ae3756ac-refs/branch-heads/5359@{#1016}) on port 17039
Only local connections are allowed.
Please see https://chromedriver.chromium.org/security-considerations for suggestions on keeping ChromeDriver safe.
ChromeDriver was started successfully.
дек. 10, 2022 8:27:37 PM org.openqa.selenium.devtools.CdpVersionFinder findNearestMatch
WARNING: Unable to find an exact match for CDP version 108, so returning the closest version found: 107
]]></system-err>
  </testcase>
  <testcase name="Смартфоны - Фильтрация и сортировка смартфонов на странице Смартфоны - Примеры - Example #2" classname="Смартфоны - Фильтрация и сортировка смартфонов на странице Смартфоны - Примеры" time="21.325">
    <error message="The step &apos;Открыта страница &quot;Смартфоны&quot;&apos; and 1 other step(s) are undefined.&#10;You can implement these steps using the snippet(s) below:&#10;&#10;@Когда(&quot;Открыта страница {string}&quot;)&#10;public void открыта_страница(String string) {&#10;    // Write code here that turns the phrase above into concrete actions&#10;    throw new io.cucumber.java.PendingException();&#10;}&#10;@Когда(&quot;В фильтре {string} выбрано значение {string}&quot;)&#10;public void в_фильтре_выбрано_значение(String string, String string2) {&#10;    // Write code here that turns the phrase above into concrete actions&#10;    throw new io.cucumber.java.PendingException();&#10;}&#10;" type="io.cucumber.junit.platform.engine.UndefinedStepException">io.cucumber.junit.platform.engine.UndefinedStepException: 
The step 'Открыта страница "Смартфоны"' and 1 other step(s) are undefined.
You can implement these steps using the snippet(s) below:

@Когда("Открыта страница {string}")
public void открыта_страница(String string) {
    // Write code here that turns the phrase above into concrete actions
    throw new io.cucumber.java.PendingException();
}
@Когда("В фильтре {string} выбрано значение {string}")
public void в_фильтре_выбрано_значение(String string, String string2) {
    // Write code here that turns the phrase above into concrete actions
    throw new io.cucumber.java.PendingException();
}

</error>
    <system-out><![CDATA[[20:27:54.290] | INFO  | main                             | WebDriverFactory                 | Драйвер браузера Google Chrome
2022-12-10 20:27:54 INFO  WebDriverManager:1238 - Using chromedriver 108.0.5359.71 (resolved driver for Chrome 108)
2022-12-10 20:27:54 INFO  WebDriverManager:1291 - Exporting webdriver.chrome.driver as C:\Users\stasp\.cache\selenium\chromedriver\win32\108.0.5359.71\chromedriver.exe
[20:27:58.532] | INFO  | main                             | DriverHooks                      | Драйвер стартовал!
[20:27:59.359] | INFO  | main                             | ScreenShotHooks                  | Скриншот сохранен в файле [temp\Фильтрация и сортировка смартфонов на странице Смартфоны-1670693279056.png]
[20:28:06.278] | INFO  | main                             | StartPage                        | Открыта страница https://www.dns-shop.ru/
[20:28:06.279] | INFO  | main                             | StartPageSteps                   | Страница [Стартовая страница DNS]: Открыта "Стартовая страница сайта DNS"
[20:28:07.183] | INFO  | main                             | ScreenShotHooks                  | Скриншот сохранен в файле [temp\Фильтрация и сортировка смартфонов на странице Смартфоны-1670693286973.png]
[20:28:07.969] | INFO  | main                             | ScreenShotHooks                  | Скриншот сохранен в файле [temp\Фильтрация и сортировка смартфонов на странице Смартфоны-1670693287780.png]
[20:28:12.056] | INFO  | main                             | StartPageSteps                   | Страница [Стартовая страница DNS]: Выполнен переход на страницу "Смартфоны"
[20:28:13.395] | INFO  | main                             | ScreenShotHooks                  | Скриншот сохранен в файле [temp\Фильтрация и сортировка смартфонов на странице Смартфоны-1670693293195.png]
[20:28:14.038] | INFO  | main                             | ScreenShotHooks                  | Скриншот сохранен в файле [temp\Фильтрация и сортировка смартфонов на странице Смартфоны-1670693293858.png]
[20:28:14.656] | INFO  | main                             | ScreenShotHooks                  | Скриншот сохранен в файле [temp\Фильтрация и сортировка смартфонов на странице Смартфоны-1670693294477.png]
[20:28:15.345] | INFO  | main                             | DriverHooks                      | Драйвер остановлен!
]]></system-out>
    <system-err><![CDATA[Starting ChromeDriver 108.0.5359.71 (1e0e3868ee06e91ad636a874420e3ca3ae3756ac-refs/branch-heads/5359@{#1016}) on port 34191
Only local connections are allowed.
Please see https://chromedriver.chromium.org/security-considerations for suggestions on keeping ChromeDriver safe.
ChromeDriver was started successfully.
дек. 10, 2022 8:27:58 PM org.openqa.selenium.devtools.CdpVersionFinder findNearestMatch
WARNING: Unable to find an exact match for CDP version 108, so returning the closest version found: 107
]]></system-err>
  </testcase>
  <testcase name="Смартфоны - Фильтрация и сортировка смартфонов на странице Смартфоны - Примеры - Example #3" classname="Смартфоны - Фильтрация и сортировка смартфонов на странице Смартфоны - Примеры" time="19.919">
    <error message="The step &apos;Открыта страница &quot;Смартфоны&quot;&apos; and 1 other step(s) are undefined.&#10;You can implement these steps using the snippet(s) below:&#10;&#10;@Когда(&quot;Открыта страница {string}&quot;)&#10;public void открыта_страница(String string) {&#10;    // Write code here that turns the phrase above into concrete actions&#10;    throw new io.cucumber.java.PendingException();&#10;}&#10;@Когда(&quot;В фильтре {string} выбрано значение {string}&quot;)&#10;public void в_фильтре_выбрано_значение(String string, String string2) {&#10;    // Write code here that turns the phrase above into concrete actions&#10;    throw new io.cucumber.java.PendingException();&#10;}&#10;" type="io.cucumber.junit.platform.engine.UndefinedStepException">io.cucumber.junit.platform.engine.UndefinedStepException: 
The step 'Открыта страница "Смартфоны"' and 1 other step(s) are undefined.
You can implement these steps using the snippet(s) below:

@Когда("Открыта страница {string}")
public void открыта_страница(String string) {
    // Write code here that turns the phrase above into concrete actions
    throw new io.cucumber.java.PendingException();
}
@Когда("В фильтре {string} выбрано значение {string}")
public void в_фильтре_выбрано_значение(String string, String string2) {
    // Write code here that turns the phrase above into concrete actions
    throw new io.cucumber.java.PendingException();
}

</error>
    <system-out><![CDATA[[20:28:15.602] | INFO  | main                             | WebDriverFactory                 | Драйвер браузера Google Chrome
2022-12-10 20:28:15 INFO  WebDriverManager:1238 - Using chromedriver 108.0.5359.71 (resolved driver for Chrome 108)
2022-12-10 20:28:15 INFO  WebDriverManager:1291 - Exporting webdriver.chrome.driver as C:\Users\stasp\.cache\selenium\chromedriver\win32\108.0.5359.71\chromedriver.exe
[20:28:19.676] | INFO  | main                             | DriverHooks                      | Драйвер стартовал!
[20:28:20.402] | INFO  | main                             | ScreenShotHooks                  | Скриншот сохранен в файле [temp\Фильтрация и сортировка смартфонов на странице Смартфоны-1670693300141.png]
[20:28:26.297] | INFO  | main                             | StartPage                        | Открыта страница https://www.dns-shop.ru/
[20:28:26.298] | INFO  | main                             | StartPageSteps                   | Страница [Стартовая страница DNS]: Открыта "Стартовая страница сайта DNS"
[20:28:27.443] | INFO  | main                             | ScreenShotHooks                  | Скриншот сохранен в файле [temp\Фильтрация и сортировка смартфонов на странице Смартфоны-1670693307216.png]
[20:28:28.363] | INFO  | main                             | ScreenShotHooks                  | Скриншот сохранен в файле [temp\Фильтрация и сортировка смартфонов на странице Смартфоны-1670693308125.png]
[20:28:32.516] | INFO  | main                             | StartPageSteps                   | Страница [Стартовая страница DNS]: Выполнен переход на страницу "Смартфоны"
[20:28:33.679] | INFO  | main                             | ScreenShotHooks                  | Скриншот сохранен в файле [temp\Фильтрация и сортировка смартфонов на странице Смартфоны-1670693313508.png]
[20:28:34.334] | INFO  | main                             | ScreenShotHooks                  | Скриншот сохранен в файле [temp\Фильтрация и сортировка смартфонов на странице Смартфоны-1670693314131.png]
[20:28:34.931] | INFO  | main                             | ScreenShotHooks                  | Скриншот сохранен в файле [temp\Фильтрация и сортировка смартфонов на странице Смартфоны-1670693314760.png]
[20:28:35.343] | INFO  | main                             | DriverHooks                      | Драйвер остановлен!
]]></system-out>
    <system-err><![CDATA[Starting ChromeDriver 108.0.5359.71 (1e0e3868ee06e91ad636a874420e3ca3ae3756ac-refs/branch-heads/5359@{#1016}) on port 4368
Only local connections are allowed.
Please see https://chromedriver.chromium.org/security-considerations for suggestions on keeping ChromeDriver safe.
ChromeDriver was started successfully.
дек. 10, 2022 8:28:19 PM org.openqa.selenium.devtools.CdpVersionFinder findNearestMatch
WARNING: Unable to find an exact match for CDP version 108, so returning the closest version found: 107
]]></system-err>
  </testcase>
  <testcase name="Смартфоны - Фильтрация и сортировка смартфонов на странице Смартфоны - Примеры - Example #4" classname="Смартфоны - Фильтрация и сортировка смартфонов на странице Смартфоны - Примеры" time="20.992">
    <error message="The step &apos;Открыта страница &quot;Смартфоны&quot;&apos; and 1 other step(s) are undefined.&#10;You can implement these steps using the snippet(s) below:&#10;&#10;@Когда(&quot;Открыта страница {string}&quot;)&#10;public void открыта_страница(String string) {&#10;    // Write code here that turns the phrase above into concrete actions&#10;    throw new io.cucumber.java.PendingException();&#10;}&#10;@Когда(&quot;В фильтре {string} выбрано значение {string}&quot;)&#10;public void в_фильтре_выбрано_значение(String string, String string2) {&#10;    // Write code here that turns the phrase above into concrete actions&#10;    throw new io.cucumber.java.PendingException();&#10;}&#10;" type="io.cucumber.junit.platform.engine.UndefinedStepException">io.cucumber.junit.platform.engine.UndefinedStepException: 
The step 'Открыта страница "Смартфоны"' and 1 other step(s) are undefined.
You can implement these steps using the snippet(s) below:

@Когда("Открыта страница {string}")
public void открыта_страница(String string) {
    // Write code here that turns the phrase above into concrete actions
    throw new io.cucumber.java.PendingException();
}
@Когда("В фильтре {string} выбрано значение {string}")
public void в_фильтре_выбрано_значение(String string, String string2) {
    // Write code here that turns the phrase above into concrete actions
    throw new io.cucumber.java.PendingException();
}

</error>
    <system-out><![CDATA[[20:28:35.506] | INFO  | main                             | WebDriverFactory                 | Драйвер браузера Google Chrome
2022-12-10 20:28:35 INFO  WebDriverManager:1238 - Using chromedriver 108.0.5359.71 (resolved driver for Chrome 108)
2022-12-10 20:28:35 INFO  WebDriverManager:1291 - Exporting webdriver.chrome.driver as C:\Users\stasp\.cache\selenium\chromedriver\win32\108.0.5359.71\chromedriver.exe
[20:28:39.924] | INFO  | main                             | DriverHooks                      | Драйвер стартовал!
[20:28:40.869] | INFO  | main                             | ScreenShotHooks                  | Скриншот сохранен в файле [temp\Фильтрация и сортировка смартфонов на странице Смартфоны-1670693320583.png]
[20:28:47.794] | INFO  | main                             | StartPage                        | Открыта страница https://www.dns-shop.ru/
[20:28:47.794] | INFO  | main                             | StartPageSteps                   | Страница [Стартовая страница DNS]: Открыта "Стартовая страница сайта DNS"
[20:28:48.684] | INFO  | main                             | ScreenShotHooks                  | Скриншот сохранен в файле [temp\Фильтрация и сортировка смартфонов на странице Смартфоны-1670693328456.png]
[20:28:49.305] | INFO  | main                             | ScreenShotHooks                  | Скриншот сохранен в файле [temp\Фильтрация и сортировка смартфонов на странице Смартфоны-1670693329123.png]
[20:28:53.340] | INFO  | main                             | StartPageSteps                   | Страница [Стартовая страница DNS]: Выполнен переход на страницу "Смартфоны"
[20:28:54.762] | INFO  | main                             | ScreenShotHooks                  | Скриншот сохранен в файле [temp\Фильтрация и сортировка смартфонов на странице Смартфоны-1670693334468.png]
[20:28:55.401] | INFO  | main                             | ScreenShotHooks                  | Скриншот сохранен в файле [temp\Фильтрация и сортировка смартфонов на странице Смартфоны-1670693335229.png]
[20:28:56.068] | INFO  | main                             | ScreenShotHooks                  | Скриншот сохранен в файле [temp\Фильтрация и сортировка смартфонов на странице Смартфоны-1670693335883.png]
[20:28:56.387] | INFO  | main                             | DriverHooks                      | Драйвер остановлен!
]]></system-out>
    <system-err><![CDATA[Starting ChromeDriver 108.0.5359.71 (1e0e3868ee06e91ad636a874420e3ca3ae3756ac-refs/branch-heads/5359@{#1016}) on port 3333
Only local connections are allowed.
Please see https://chromedriver.chromium.org/security-considerations for suggestions on keeping ChromeDriver safe.
ChromeDriver was started successfully.
дек. 10, 2022 8:28:39 PM org.openqa.selenium.devtools.CdpVersionFinder findNearestMatch
WARNING: Unable to find an exact match for CDP version 108, so returning the closest version found: 107
]]></system-err>
  </testcase>
  <testcase name="Смартфоны - Таблица с одной колонкой" classname="Смартфоны" time="7.801">
    <error message="no such window: target window already closed&#10;from unknown error: web view not found&#10;  (Session info: chrome=108.0.5359.99)&#10;Build info: version: &apos;4.6.0&apos;, revision: &apos;79f1c02ae20&apos;&#10;System info: os.name: &apos;Windows 10&apos;, os.arch: &apos;amd64&apos;, os.version: &apos;10.0&apos;, java.version: &apos;11.0.16.1&apos;&#10;Driver info: org.openqa.selenium.chrome.ChromeDriver&#10;Command: [e1eacd8103e825d1b6159e0c649facfc, screenshot {}]&#10;Capabilities {acceptInsecureCerts: true, browserName: chrome, browserVersion: 108.0.5359.99, chrome: {chromedriverVersion: 108.0.5359.71 (1e0e3868ee06..., userDataDir: C:\Users\stasp\AppData\Loca...}, goog:chromeOptions: {debuggerAddress: localhost:64966}, networkConnectionEnabled: false, pageLoadStrategy: normal, platformName: WINDOWS, proxy: Proxy(), se:cdp: ws://localhost:64966/devtoo..., se:cdpVersion: 108.0.5359.99, setWindowRect: true, strictFileInteractability: false, timeouts: {implicit: 0, pageLoad: 300000, script: 30000}, unhandledPromptBehavior: dismiss and notify, webauthn:extension:credBlob: true, webauthn:extension:largeBlob: true, webauthn:virtualAuthenticators: true}&#10;Session ID: e1eacd8103e825d1b6159e0c649facfc" type="org.openqa.selenium.NoSuchWindowException">org.openqa.selenium.NoSuchWindowException: 
no such window: target window already closed
from unknown error: web view not found
  (Session info: chrome=108.0.5359.99)
Build info: version: '4.6.0', revision: '79f1c02ae20'
System info: os.name: 'Windows 10', os.arch: 'amd64', os.version: '10.0', java.version: '11.0.16.1'
Driver info: org.openqa.selenium.chrome.ChromeDriver
Command: [e1eacd8103e825d1b6159e0c649facfc, screenshot {}]
Capabilities {acceptInsecureCerts: true, browserName: chrome, browserVersion: 108.0.5359.99, chrome: {chromedriverVersion: 108.0.5359.71 (1e0e3868ee06..., userDataDir: C:\Users\stasp\AppData\Loca...}, goog:chromeOptions: {debuggerAddress: localhost:64966}, networkConnectionEnabled: false, pageLoadStrategy: normal, platformName: WINDOWS, proxy: Proxy(), se:cdp: ws://localhost:64966/devtoo..., se:cdpVersion: 108.0.5359.99, setWindowRect: true, strictFileInteractability: false, timeouts: {implicit: 0, pageLoad: 300000, script: 30000}, unhandledPromptBehavior: dismiss and notify, webauthn:extension:credBlob: true, webauthn:extension:largeBlob: true, webauthn:virtualAuthenticators: true}
Session ID: e1eacd8103e825d1b6159e0c649facfc
</error>
    <system-out><![CDATA[[20:28:56.474] | INFO  | main                             | WebDriverFactory                 | Драйвер браузера Google Chrome
2022-12-10 20:28:56 INFO  WebDriverManager:1238 - Using chromedriver 108.0.5359.71 (resolved driver for Chrome 108)
2022-12-10 20:28:56 INFO  WebDriverManager:1291 - Exporting webdriver.chrome.driver as C:\Users\stasp\.cache\selenium\chromedriver\win32\108.0.5359.71\chromedriver.exe
[20:29:01.294] | INFO  | main                             | DriverHooks                      | Драйвер стартовал!
[20:29:02.220] | INFO  | main                             | ScreenShotHooks                  | Скриншот сохранен в файле [temp\Таблица с одной колонкой-1670693341847.png]
[20:29:03.683] | INFO  | main                             | StartPage                        | Открыта страница https://www.dns-shop.ru/
[20:29:03.683] | INFO  | main                             | StartPageSteps                   | Страница [Стартовая страница DNS]: Открыта "Стартовая страница сайта DNS"
[20:29:04.189] | INFO  | main                             | DriverHooks                      | Драйвер остановлен!
]]></system-out>
    <system-err><![CDATA[Starting ChromeDriver 108.0.5359.71 (1e0e3868ee06e91ad636a874420e3ca3ae3756ac-refs/branch-heads/5359@{#1016}) on port 35105
Only local connections are allowed.
Please see https://chromedriver.chromium.org/security-considerations for suggestions on keeping ChromeDriver safe.
ChromeDriver was started successfully.
дек. 10, 2022 8:29:01 PM org.openqa.selenium.devtools.CdpVersionFinder findNearestMatch
WARNING: Unable to find an exact match for CDP version 108, so returning the closest version found: 107
]]></system-err>
  </testcase>
  <testcase name="Смартфоны - Таблица с двумя колонками" classname="Смартфоны" time="7.519">
    <error message="no such window: target window already closed&#10;from unknown error: web view not found&#10;  (Session info: chrome=108.0.5359.99)&#10;Build info: version: &apos;4.6.0&apos;, revision: &apos;79f1c02ae20&apos;&#10;System info: os.name: &apos;Windows 10&apos;, os.arch: &apos;amd64&apos;, os.version: &apos;10.0&apos;, java.version: &apos;11.0.16.1&apos;&#10;Driver info: org.openqa.selenium.chrome.ChromeDriver&#10;Command: [46c3c341cc75e8f7768323bc678ecb6d, screenshot {}]&#10;Capabilities {acceptInsecureCerts: true, browserName: chrome, browserVersion: 108.0.5359.99, chrome: {chromedriverVersion: 108.0.5359.71 (1e0e3868ee06..., userDataDir: C:\Users\stasp\AppData\Loca...}, goog:chromeOptions: {debuggerAddress: localhost:65002}, networkConnectionEnabled: false, pageLoadStrategy: normal, platformName: WINDOWS, proxy: Proxy(), se:cdp: ws://localhost:65002/devtoo..., se:cdpVersion: 108.0.5359.99, setWindowRect: true, strictFileInteractability: false, timeouts: {implicit: 0, pageLoad: 300000, script: 30000}, unhandledPromptBehavior: dismiss and notify, webauthn:extension:credBlob: true, webauthn:extension:largeBlob: true, webauthn:virtualAuthenticators: true}&#10;Session ID: 46c3c341cc75e8f7768323bc678ecb6d" type="org.openqa.selenium.NoSuchWindowException">org.openqa.selenium.NoSuchWindowException: 
no such window: target window already closed
from unknown error: web view not found
  (Session info: chrome=108.0.5359.99)
Build info: version: '4.6.0', revision: '79f1c02ae20'
System info: os.name: 'Windows 10', os.arch: 'amd64', os.version: '10.0', java.version: '11.0.16.1'
Driver info: org.openqa.selenium.chrome.ChromeDriver
Command: [46c3c341cc75e8f7768323bc678ecb6d, screenshot {}]
Capabilities {acceptInsecureCerts: true, browserName: chrome, browserVersion: 108.0.5359.99, chrome: {chromedriverVersion: 108.0.5359.71 (1e0e3868ee06..., userDataDir: C:\Users\stasp\AppData\Loca...}, goog:chromeOptions: {debuggerAddress: localhost:65002}, networkConnectionEnabled: false, pageLoadStrategy: normal, platformName: WINDOWS, proxy: Proxy(), se:cdp: ws://localhost:65002/devtoo..., se:cdpVersion: 108.0.5359.99, setWindowRect: true, strictFileInteractability: false, timeouts: {implicit: 0, pageLoad: 300000, script: 30000}, unhandledPromptBehavior: dismiss and notify, webauthn:extension:credBlob: true, webauthn:extension:largeBlob: true, webauthn:virtualAuthenticators: true}
Session ID: 46c3c341cc75e8f7768323bc678ecb6d
</error>
    <system-out><![CDATA[[20:29:04.347] | INFO  | main                             | WebDriverFactory                 | Драйвер браузера Google Chrome
2022-12-10 20:29:04 INFO  WebDriverManager:1238 - Using chromedriver 108.0.5359.71 (resolved driver for Chrome 108)
2022-12-10 20:29:04 INFO  WebDriverManager:1291 - Exporting webdriver.chrome.driver as C:\Users\stasp\.cache\selenium\chromedriver\win32\108.0.5359.71\chromedriver.exe
[20:29:08.652] | INFO  | main                             | DriverHooks                      | Драйвер стартовал!
[20:29:09.537] | INFO  | main                             | ScreenShotHooks                  | Скриншот сохранен в файле [temp\Таблица с двумя колонками-1670693349252.png]
[20:29:11.358] | INFO  | main                             | StartPage                        | Открыта страница https://www.dns-shop.ru/
[20:29:11.359] | INFO  | main                             | StartPageSteps                   | Страница [Стартовая страница DNS]: Открыта "Стартовая страница сайта DNS"
[20:29:11.704] | INFO  | main                             | DriverHooks                      | Драйвер остановлен!
]]></system-out>
    <system-err><![CDATA[Starting ChromeDriver 108.0.5359.71 (1e0e3868ee06e91ad636a874420e3ca3ae3756ac-refs/branch-heads/5359@{#1016}) on port 36252
Only local connections are allowed.
Please see https://chromedriver.chromium.org/security-considerations for suggestions on keeping ChromeDriver safe.
ChromeDriver was started successfully.
дек. 10, 2022 8:29:08 PM org.openqa.selenium.devtools.CdpVersionFinder findNearestMatch
WARNING: Unable to find an exact match for CDP version 108, so returning the closest version found: 107
]]></system-err>
  </testcase>
  <testcase name="Смартфоны - Таблица с тремя колонками" classname="Смартфоны" time="12.956">
    <error message="no such window: target window already closed&#10;from unknown error: web view not found&#10;  (Session info: chrome=108.0.5359.99)&#10;Build info: version: &apos;4.6.0&apos;, revision: &apos;79f1c02ae20&apos;&#10;System info: os.name: &apos;Windows 10&apos;, os.arch: &apos;amd64&apos;, os.version: &apos;10.0&apos;, java.version: &apos;11.0.16.1&apos;&#10;Driver info: org.openqa.selenium.chrome.ChromeDriver&#10;Command: [326e5bca46d6bfc1d214e049b7800816, screenshot {}]&#10;Capabilities {acceptInsecureCerts: true, browserName: chrome, browserVersion: 108.0.5359.99, chrome: {chromedriverVersion: 108.0.5359.71 (1e0e3868ee06..., userDataDir: C:\Users\stasp\AppData\Loca...}, goog:chromeOptions: {debuggerAddress: localhost:65046}, networkConnectionEnabled: false, pageLoadStrategy: normal, platformName: WINDOWS, proxy: Proxy(), se:cdp: ws://localhost:65046/devtoo..., se:cdpVersion: 108.0.5359.99, setWindowRect: true, strictFileInteractability: false, timeouts: {implicit: 0, pageLoad: 300000, script: 30000}, unhandledPromptBehavior: dismiss and notify, webauthn:extension:credBlob: true, webauthn:extension:largeBlob: true, webauthn:virtualAuthenticators: true}&#10;Session ID: 326e5bca46d6bfc1d214e049b7800816" type="org.openqa.selenium.NoSuchWindowException">org.openqa.selenium.NoSuchWindowException: 
no such window: target window already closed
from unknown error: web view not found
  (Session info: chrome=108.0.5359.99)
Build info: version: '4.6.0', revision: '79f1c02ae20'
System info: os.name: 'Windows 10', os.arch: 'amd64', os.version: '10.0', java.version: '11.0.16.1'
Driver info: org.openqa.selenium.chrome.ChromeDriver
Command: [326e5bca46d6bfc1d214e049b7800816, screenshot {}]
Capabilities {acceptInsecureCerts: true, browserName: chrome, browserVersion: 108.0.5359.99, chrome: {chromedriverVersion: 108.0.5359.71 (1e0e3868ee06..., userDataDir: C:\Users\stasp\AppData\Loca...}, goog:chromeOptions: {debuggerAddress: localhost:65046}, networkConnectionEnabled: false, pageLoadStrategy: normal, platformName: WINDOWS, proxy: Proxy(), se:cdp: ws://localhost:65046/devtoo..., se:cdpVersion: 108.0.5359.99, setWindowRect: true, strictFileInteractability: false, timeouts: {implicit: 0, pageLoad: 300000, script: 30000}, unhandledPromptBehavior: dismiss and notify, webauthn:extension:credBlob: true, webauthn:extension:largeBlob: true, webauthn:virtualAuthenticators: true}
Session ID: 326e5bca46d6bfc1d214e049b7800816
</error>
    <system-out><![CDATA[[20:29:11.744] | INFO  | main                             | WebDriverFactory                 | Драйвер браузера Google Chrome
2022-12-10 20:29:11 INFO  WebDriverManager:1238 - Using chromedriver 108.0.5359.71 (resolved driver for Chrome 108)
2022-12-10 20:29:11 INFO  WebDriverManager:1291 - Exporting webdriver.chrome.driver as C:\Users\stasp\.cache\selenium\chromedriver\win32\108.0.5359.71\chromedriver.exe
[20:29:16.415] | INFO  | main                             | DriverHooks                      | Драйвер стартовал!
[20:29:17.025] | INFO  | main                             | ScreenShotHooks                  | Скриншот сохранен в файле [temp\Таблица с тремя колонками-1670693356853.png]
[20:29:24.223] | INFO  | main                             | StartPage                        | Открыта страница https://www.dns-shop.ru/
[20:29:24.224] | INFO  | main                             | StartPageSteps                   | Страница [Стартовая страница DNS]: Открыта "Стартовая страница сайта DNS"
[20:29:24.662] | INFO  | main                             | DriverHooks                      | Драйвер остановлен!
]]></system-out>
    <system-err><![CDATA[Starting ChromeDriver 108.0.5359.71 (1e0e3868ee06e91ad636a874420e3ca3ae3756ac-refs/branch-heads/5359@{#1016}) on port 10609
Only local connections are allowed.
Please see https://chromedriver.chromium.org/security-considerations for suggestions on keeping ChromeDriver safe.
ChromeDriver was started successfully.
дек. 10, 2022 8:29:16 PM org.openqa.selenium.devtools.CdpVersionFinder findNearestMatch
WARNING: Unable to find an exact match for CDP version 108, so returning the closest version found: 107
]]></system-err>
  </testcase>
</testsuite>