<?xml version="1.0" encoding="UTF-8"?>
<testsuite xmlns:xsi="http://www.w3.org/2001/XMLSchema-instance" xsi:noNamespaceSchemaLocation="https://maven.apache.org/surefire/maven-surefire-plugin/xsd/surefire-test-report.xsd" name="Ноутбуки" time="417.683" tests="8" errors="3" skipped="0" failures="0">
  <properties>
[...]
</properties>
  <testcase name="Ноутбуки - Просмотр страницы Ноутбуки" classname="Ноутбуки" time="65.351"/>
  <testcase name="Ноутбуки - Просмотр страницы Ноутбуки" classname="Ноутбуки" time="52.029"/>
  <testcase name="Ноутбуки - Просмотр страницы Ноутбуки" classname="Ноутбуки" time="54.38">
    <error message="The step &apos;Проверка: В блоке Характеристики страницы &quot;Продукт. Ноутбук&quot; значение Объем оперативной памяти содержит текст &quot;32 ГБ&quot;&apos; is undefined.&#10;You can implement this step using the snippet(s) below:&#10;&#10;@Тогда(&quot;Проверка: В блоке Характеристики страницы {string} значение Объем оперативной памяти содержит текст {string}&quot;)&#10;public void проверка_в_блоке_характеристики_страницы_значение_объем_оперативной_памяти_содержит_текст(String string, String string2) {&#10;    // Write code here that turns the phrase above into concrete actions&#10;    throw new io.cucumber.java.PendingException();&#10;}&#10;" type="io.cucumber.junit.platform.engine.UndefinedStepException">io.cucumber.junit.platform.engine.UndefinedStepException: 
The step 'Проверка: В блоке Характеристики страницы "Продукт. Ноутбук" значение Объем оперативной памяти содержит текст "32 ГБ"' is undefined.
You can implement this step using the snippet(s) below:

@Тогда("Проверка: В блоке Характеристики страницы {string} значение Объем оперативной памяти содержит текст {string}")
public void проверка_в_блоке_характеристики_страницы_значение_объем_оперативной_памяти_содержит_текст(String string, String string2) {
    // Write code here that turns the phrase above into concrete actions
    throw new io.cucumber.java.PendingException();
}

</error>
    <system-out><![CDATA[[20:21:54.972] | INFO  | main                             | WebDriverFactory                 | Драйвер браузера Google Chrome
2022-12-10 20:21:55 INFO  WebDriverManager:1238 - Using chromedriver 108.0.5359.71 (resolved driver for Chrome 108)
2022-12-10 20:21:55 INFO  WebDriverManager:1291 - Exporting webdriver.chrome.driver as C:\Users\stasp\.cache\selenium\chromedriver\win32\108.0.5359.71\chromedriver.exe
[20:21:57.584] | INFO  | main                             | DriverHooks                      | Драйвер стартовал!
[20:21:58.475] | INFO  | main                             | ScreenShotHooks                  | Скриншот сохранен в файле [temp\Просмотр страницы Ноутбуки-1670692918170.png]
[20:22:04.618] | INFO  | main                             | StartPage                        | Открыта страница https://www.dns-shop.ru/
[20:22:04.619] | INFO  | main                             | StartPageSteps                   | Страница [Стартовая страница DNS]: Открыта "Стартовая страница сайта DNS"
[20:22:05.911] | INFO  | main                             | ScreenShotHooks                  | Скриншот сохранен в файле [temp\Просмотр страницы Ноутбуки-1670692925596.png]
[20:22:06.698] | INFO  | main                             | ScreenShotHooks                  | Скриншот сохранен в файле [temp\Просмотр страницы Ноутбуки-1670692926509.png]
[20:22:11.381] | INFO  | main                             | StartPageSteps                   | Страница [Стартовая страница DNS]: Выполнен переход на страницу "Ноутбуки"
[20:22:12.457] | INFO  | main                             | ScreenShotHooks                  | Скриншот сохранен в файле [temp\Просмотр страницы Ноутбуки-1670692932234.png]
[20:22:13.119] | INFO  | main                             | ScreenShotHooks                  | Скриншот сохранен в файле [temp\Просмотр страницы Ноутбуки-1670692932937.png]
[20:22:13.120] | INFO  | main                             | SmartphonesPageSteps             | Страница [Ноутбуки]: Открыта страница "Ноутбуки"
[20:22:13.781] | INFO  | main                             | ScreenShotHooks                  | Скриншот сохранен в файле [temp\Просмотр страницы Ноутбуки-1670692933578.png]
[20:22:14.420] | INFO  | main                             | ScreenShotHooks                  | Скриншот сохранен в файле [temp\Просмотр страницы Ноутбуки-1670692934228.png]
[20:22:16.473] | INFO  | main                             | SmartphonesPageSteps             | Страница [Ноутбуки]: Скрыт блок страницы
[20:22:17.219] | INFO  | main                             | ScreenShotHooks                  | Скриншот сохранен в файле [temp\Просмотр страницы Ноутбуки-1670692936991.png]
[20:22:18.059] | INFO  | main                             | ScreenShotHooks                  | Скриншот сохранен в файле [temp\Просмотр страницы Ноутбуки-1670692937805.png]
[20:22:20.481] | INFO  | main                             | SmartphonesPageSteps             | Страница [Ноутбуки]: В фильтре "Производитель" выбрано значение "ASUS"
[20:22:21.362] | INFO  | main                             | ScreenShotHooks                  | Скриншот сохранен в файле [temp\Просмотр страницы Ноутбуки-1670692941180.png]
[20:22:22.088] | INFO  | main                             | ScreenShotHooks                  | Скриншот сохранен в файле [temp\Просмотр страницы Ноутбуки-1670692941822.png]
[20:22:26.829] | INFO  | main                             | SmartphonesPageSteps             | Страница [Ноутбуки]: В фильтре "Объем оперативной памяти" выбрано значение "32 Гб"
[20:22:27.794] | INFO  | main                             | ScreenShotHooks                  | Скриншот сохранен в файле [temp\Просмотр страницы Ноутбуки-1670692947563.png]
[20:22:28.536] | INFO  | main                             | ScreenShotHooks                  | Скриншот сохранен в файле [temp\Просмотр страницы Ноутбуки-1670692948334.png]
[20:22:30.782] | INFO  | main                             | SmartphonesPageSteps             | Страница [Ноутбуки]: Применены фильтры
[20:22:31.880] | INFO  | main                             | ScreenShotHooks                  | Скриншот сохранен в файле [temp\Просмотр страницы Ноутбуки-1670692951452.png]
[20:22:32.842] | INFO  | main                             | ScreenShotHooks                  | Скриншот сохранен в файле [temp\Просмотр страницы Ноутбуки-1670692952653.png]
[20:22:33.274] | INFO  | main                             | SmartphonesPageSteps             | Страница [Ноутбуки]: Установлена сортировка "Сначала дорогие"
[20:22:34.435] | INFO  | main                             | ScreenShotHooks                  | Скриншот сохранен в файле [temp\Просмотр страницы Ноутбуки-1670692954009.png]
[20:22:35.204] | INFO  | main                             | ScreenShotHooks                  | Скриншот сохранен в файле [temp\Просмотр страницы Ноутбуки-1670692954990.png]
[20:22:44.391] | INFO  | main                             | SmartphonesPageSteps             | Страница [Ноутбуки]: Выполнен переход на страницу первого продукта в списке
[20:22:45.371] | INFO  | main                             | ScreenShotHooks                  | Скриншот сохранен в файле [temp\Просмотр страницы Ноутбуки-1670692965136.png]
[20:22:46.110] | INFO  | main                             | ScreenShotHooks                  | Скриншот сохранен в файле [temp\Просмотр страницы Ноутбуки-1670692965893.png]
[20:22:46.113] | INFO  | main                             | SmartphoneProductPageSteps       | Страница [Продукт. Ноутбук]: Открыта страница "Продукт. Ноутбук"
[20:22:46.873] | INFO  | main                             | ScreenShotHooks                  | Скриншот сохранен в файле [temp\Просмотр страницы Ноутбуки-1670692966709.png]
[20:22:47.422] | INFO  | main                             | ScreenShotHooks                  | Скриншот сохранен в файле [temp\Просмотр страницы Ноутбуки-1670692967259.png]
[20:22:48.122] | INFO  | main                             | ScreenShotHooks                  | Скриншот сохранен в файле [temp\Просмотр страницы Ноутбуки-1670692967955.png]
[20:22:48.814] | INFO  | main                             | DriverHooks                      | Драйвер остановлен!
]]></system-out>
    <system-err><![CDATA[Starting ChromeDriver 108.0.5359.71 (1e0e3868ee06e91ad636a874420e3ca3ae3756ac-refs/branch-heads/5359@{#1016}) on port 7519
Only local connections are allowed.
Please see https://chromedriver.chromium.org/security-considerations for suggestions on keeping ChromeDriver safe.
ChromeDriver was started successfully.
дек. 10, 2022 8:21:57 PM org.openqa.selenium.devtools.CdpVersionFinder findNearestMatch
WARNING: Unable to find an exact match for CDP version 108, so returning the closest version found: 107
]]></system-err>
  </testcase>
  <testcase name="Ноутбуки - Фильтрация и сортировка Ноутбуков на странице Ноутбуки - Примеры - Example #1" classname="Ноутбуки - Фильтрация и сортировка Ноутбуков на странице Ноутбуки - Примеры" time="58.643"/>
  <testcase name="Ноутбуки - Фильтрация и сортировка Ноутбуков на странице Ноутбуки - Примеры - Example #2" classname="Ноутбуки - Фильтрация и сортировка Ноутбуков на странице Ноутбуки - Примеры" time="58.331"/>
  <testcase name="Ноутбуки - Фильтрация и сортировка Ноутбуков на странице Ноутбуки - Примеры - Example #3" classname="Ноутбуки - Фильтрация и сортировка Ноутбуков на странице Ноутбуки - Примеры" time="42.42">
    <error message="no such element: Unable to locate element: {&quot;method&quot;:&quot;xpath&quot;,&quot;selector&quot;:&quot;(//a[contains(@class, &quot;catalog-product__name&quot;)])[1]&quot;}&#10;  (Session info: chrome=108.0.5359.99)&#10;For documentation on this error, please visit: https://selenium.dev/exceptions/#no_such_element&#10;Build info: version: &apos;4.6.0&apos;, revision: &apos;79f1c02ae20&apos;&#10;System info: os.name: &apos;Windows 10&apos;, os.arch: &apos;amd64&apos;, os.version: &apos;10.0&apos;, java.version: &apos;11.0.16.1&apos;&#10;Driver info: org.openqa.selenium.chrome.ChromeDriver&#10;Command: [e2fc7b19dd7be8ddbd64fb3f05627d42, findElement {using=xpath, value=(//a[contains(@class, &quot;catalog-product__name&quot;)])[1]}]&#10;Capabilities {acceptInsecureCerts: true, browserName: chrome, browserVersion: 108.0.5359.99, chrome: {chromedriverVersion: 108.0.5359.71 (1e0e3868ee06..., userDataDir: C:\Users\stasp\AppData\Loca...}, goog:chromeOptions: {debuggerAddress: localhost:64116}, networkConnectionEnabled: false, pageLoadStrategy: normal, platformName: WINDOWS, proxy: Proxy(), se:cdp: ws://localhost:64116/devtoo..., se:cdpVersion: 108.0.5359.99, setWindowRect: true, strictFileInteractability: false, timeouts: {implicit: 0, pageLoad: 300000, script: 30000}, unhandledPromptBehavior: dismiss and notify, webauthn:extension:credBlob: true, webauthn:extension:largeBlob: true, webauthn:virtualAuthenticators: true}&#10;Session ID: e2fc7b19dd7be8ddbd64fb3f05627d42" type="org.openqa.selenium.NoSuchElementException">org.openqa.selenium.NoSuchElementException: 
no such element: Unable to locate element: {"method":"xpath","selector":"(//a[contains(@class, "catalog-product__name")])[1]"}
  (Session info: chrome=108.0.5359.99)
For documentation on this error, please visit: https://selenium.dev/exceptions/#no_such_element
Build info: version: '4.6.0', revision: '79f1c02ae20'
System info: os.name: 'Windows 10', os.arch: 'amd64', os.version: '10.0', java.version: '11.0.16.1'
Driver info: org.openqa.selenium.chrome.ChromeDriver
Command: [e2fc7b19dd7be8ddbd64fb3f05627d42, findElement {using=xpath, value=(//a[contains(@class, "catalog-product__name")])[1]}]
Capabilities {acceptInsecureCerts: true, browserName: chrome, browserVersion: 108.0.5359.99, chrome: {chromedriverVersion: 108.0.5359.71 (1e0e3868ee06..., userDataDir: C:\Users\stasp\AppData\Loca...}, goog:chromeOptions: {debuggerAddress: localhost:64116}, networkConnectionEnabled: false, pageLoadStrategy: normal, platformName: WINDOWS, proxy: Proxy(), se:cdp: ws://localhost:64116/devtoo..., se:cdpVersion: 108.0.5359.99, setWindowRect: true, strictFileInteractability: false, timeouts: {implicit: 0, pageLoad: 300000, script: 30000}, unhandledPromptBehavior: dismiss and notify, webauthn:extension:credBlob: true, webauthn:extension:largeBlob: true, webauthn:virtualAuthenticators: true}
Session ID: e2fc7b19dd7be8ddbd64fb3f05627d42
</error>
    <system-out><![CDATA[[20:24:46.095] | INFO  | main                             | WebDriverFactory                 | Драйвер браузера Google Chrome
2022-12-10 20:24:46 INFO  WebDriverManager:1238 - Using chromedriver 108.0.5359.71 (resolved driver for Chrome 108)
2022-12-10 20:24:46 INFO  WebDriverManager:1291 - Exporting webdriver.chrome.driver as C:\Users\stasp\.cache\selenium\chromedriver\win32\108.0.5359.71\chromedriver.exe
[20:24:48.686] | INFO  | main                             | DriverHooks                      | Драйвер стартовал!
[20:24:49.648] | INFO  | main                             | ScreenShotHooks                  | Скриншот сохранен в файле [temp\Фильтрация и сортировка Ноутбуков на странице Ноутбуки-1670693089292.png]
[20:24:56.013] | INFO  | main                             | StartPage                        | Открыта страница https://www.dns-shop.ru/
[20:24:56.014] | INFO  | main                             | StartPageSteps                   | Страница [Стартовая страница DNS]: Открыта "Стартовая страница сайта DNS"
[20:24:57.308] | INFO  | main                             | ScreenShotHooks                  | Скриншот сохранен в файле [temp\Фильтрация и сортировка Ноутбуков на странице Ноутбуки-1670693097108.png]
[20:24:58.066] | INFO  | main                             | ScreenShotHooks                  | Скриншот сохранен в файле [temp\Фильтрация и сортировка Ноутбуков на странице Ноутбуки-1670693097876.png]
[20:25:02.400] | INFO  | main                             | StartPageSteps                   | Страница [Стартовая страница DNS]: Выполнен переход на страницу "Ноутбуки"
[20:25:03.717] | INFO  | main                             | ScreenShotHooks                  | Скриншот сохранен в файле [temp\Фильтрация и сортировка Ноутбуков на странице Ноутбуки-1670693103491.png]
[20:25:04.366] | INFO  | main                             | ScreenShotHooks                  | Скриншот сохранен в файле [temp\Фильтрация и сортировка Ноутбуков на странице Ноутбуки-1670693104187.png]
[20:25:04.368] | INFO  | main                             | SmartphonesPageSteps             | Страница [Ноутбуки]: Открыта страница "Ноутбуки"
[20:25:05.021] | INFO  | main                             | ScreenShotHooks                  | Скриншот сохранен в файле [temp\Фильтрация и сортировка Ноутбуков на странице Ноутбуки-1670693104810.png]
[20:25:05.713] | INFO  | main                             | ScreenShotHooks                  | Скриншот сохранен в файле [temp\Фильтрация и сортировка Ноутбуков на странице Ноутбуки-1670693105522.png]
[20:25:07.767] | INFO  | main                             | SmartphonesPageSteps             | Страница [Ноутбуки]: Скрыт блок страницы
[20:25:08.573] | INFO  | main                             | ScreenShotHooks                  | Скриншот сохранен в файле [temp\Фильтрация и сортировка Ноутбуков на странице Ноутбуки-1670693108376.png]
[20:25:09.349] | INFO  | main                             | ScreenShotHooks                  | Скриншот сохранен в файле [temp\Фильтрация и сортировка Ноутбуков на странице Ноутбуки-1670693109062.png]
[20:25:11.803] | INFO  | main                             | SmartphonesPageSteps             | Страница [Ноутбуки]: В фильтре "Производитель" выбрано значение "ASUS"
[20:25:12.707] | INFO  | main                             | ScreenShotHooks                  | Скриншот сохранен в файле [temp\Фильтрация и сортировка Ноутбуков на странице Ноутбуки-1670693112515.png]
[20:25:13.408] | INFO  | main                             | ScreenShotHooks                  | Скриншот сохранен в файле [temp\Фильтрация и сортировка Ноутбуков на странице Ноутбуки-1670693113190.png]
[20:25:18.083] | INFO  | main                             | SmartphonesPageSteps             | Страница [Ноутбуки]: В фильтре "Объем оперативной памяти" выбрано значение "12 Гб"
[20:25:18.915] | INFO  | main                             | ScreenShotHooks                  | Скриншот сохранен в файле [temp\Фильтрация и сортировка Ноутбуков на странице Ноутбуки-1670693118681.png]
[20:25:19.562] | INFO  | main                             | ScreenShotHooks                  | Скриншот сохранен в файле [temp\Фильтрация и сортировка Ноутбуков на странице Ноутбуки-1670693119372.png]
[20:25:21.762] | INFO  | main                             | SmartphonesPageSteps             | Страница [Ноутбуки]: Применены фильтры
[20:25:22.707] | INFO  | main                             | ScreenShotHooks                  | Скриншот сохранен в файле [temp\Фильтрация и сортировка Ноутбуков на странице Ноутбуки-1670693122520.png]
[20:25:23.260] | INFO  | main                             | ScreenShotHooks                  | Скриншот сохранен в файле [temp\Фильтрация и сортировка Ноутбуков на странице Ноутбуки-1670693123096.png]
[20:25:23.832] | INFO  | main                             | SmartphonesPageSteps             | Страница [Ноутбуки]: Установлена сортировка "Сначала дорогие"
[20:25:24.541] | INFO  | main                             | ScreenShotHooks                  | Скриншот сохранен в файле [temp\Фильтрация и сортировка Ноутбуков на странице Ноутбуки-1670693124350.png]
[20:25:25.148] | INFO  | main                             | ScreenShotHooks                  | Скриншот сохранен в файле [temp\Фильтрация и сортировка Ноутбуков на странице Ноутбуки-1670693124931.png]
[20:25:27.846] | INFO  | main                             | ScreenShotHooks                  | Скриншот сохранен в файле [temp\Фильтрация и сортировка Ноутбуков на странице Ноутбуки-1670693127633.png]
[20:25:28.311] | INFO  | main                             | DriverHooks                      | Драйвер остановлен!
]]></system-out>
    <system-err><![CDATA[Starting ChromeDriver 108.0.5359.71 (1e0e3868ee06e91ad636a874420e3ca3ae3756ac-refs/branch-heads/5359@{#1016}) on port 3938
Only local connections are allowed.
Please see https://chromedriver.chromium.org/security-considerations for suggestions on keeping ChromeDriver safe.
ChromeDriver was started successfully.
дек. 10, 2022 8:24:48 PM org.openqa.selenium.devtools.CdpVersionFinder findNearestMatch
WARNING: Unable to find an exact match for CDP version 108, so returning the closest version found: 107
]]></system-err>
  </testcase>
  <testcase name="Ноутбуки - Фильтрация и сортировка Ноутбуков на странице Ноутбуки - Примеры - Example #4" classname="Ноутбуки - Фильтрация и сортировка Ноутбуков на странице Ноутбуки - Примеры" time="57.055"/>
  <testcase name="Ноутбуки - Таблица с тремя колонками ноут" classname="Ноутбуки" time="29.432">
    <error message="The step &apos;Установлена сортировка и фильтры из таблицы с тремя колонками&apos; is undefined.&#10;You can implement this step using the snippet(s) below:&#10;&#10;@Когда(&quot;Установлена сортировка и фильтры из таблицы с тремя колонками&quot;)&#10;public void установлена_сортировка_и_фильтры_из_таблицы_с_тремя_колонками(io.cucumber.datatable.DataTable dataTable) {&#10;    // Write code here that turns the phrase above into concrete actions&#10;    // For automatic transformation, change DataTable to one of&#10;    // E, List&lt;E&gt;, List&lt;List&lt;E&gt;&gt;, List&lt;Map&lt;K,V&gt;&gt;, Map&lt;K,V&gt; or&#10;    // Map&lt;K, List&lt;V&gt;&gt;. E,K,V must be a String, Integer, Float,&#10;    // Double, Byte, Short, Long, BigInteger or BigDecimal.&#10;    //&#10;    // For other transformations you can register a DataTableType.&#10;    throw new io.cucumber.java.PendingException();&#10;}&#10;" type="io.cucumber.junit.platform.engine.UndefinedStepException"><![CDATA[io.cucumber.junit.platform.engine.UndefinedStepException: 
The step 'Установлена сортировка и фильтры из таблицы с тремя колонками' is undefined.
You can implement this step using the snippet(s) below:

@Когда("Установлена сортировка и фильтры из таблицы с тремя колонками")
public void установлена_сортировка_и_фильтры_из_таблицы_с_тремя_колонками(io.cucumber.datatable.DataTable dataTable) {
    // Write code here that turns the phrase above into concrete actions
    // For automatic transformation, change DataTable to one of
    // E, List<E>, List<List<E>>, List<Map<K,V>>, Map<K,V> or
    // Map<K, List<V>>. E,K,V must be a String, Integer, Float,
    // Double, Byte, Short, Long, BigInteger or BigDecimal.
    //
    // For other transformations you can register a DataTableType.
    throw new io.cucumber.java.PendingException();
}

]]></error>
    <system-out><![CDATA[[20:26:25.479] | INFO  | main                             | WebDriverFactory                 | Драйвер браузера Google Chrome
2022-12-10 20:26:26 INFO  WebDriverManager:1238 - Using chromedriver 108.0.5359.71 (resolved driver for Chrome 108)
2022-12-10 20:26:26 INFO  WebDriverManager:1291 - Exporting webdriver.chrome.driver as C:\Users\stasp\.cache\selenium\chromedriver\win32\108.0.5359.71\chromedriver.exe
[20:26:30.335] | INFO  | main                             | DriverHooks                      | Драйвер стартовал!
[20:26:31.233] | INFO  | main                             | ScreenShotHooks                  | Скриншот сохранен в файле [temp\Таблица с тремя колонками ноут-1670693190903.png]
[20:26:37.356] | INFO  | main                             | StartPage                        | Открыта страница https://www.dns-shop.ru/
[20:26:37.357] | INFO  | main                             | StartPageSteps                   | Страница [Стартовая страница DNS]: Открыта "Стартовая страница сайта DNS"
[20:26:38.671] | INFO  | main                             | ScreenShotHooks                  | Скриншот сохранен в файле [temp\Таблица с тремя колонками ноут-1670693198323.png]
[20:26:39.430] | INFO  | main                             | ScreenShotHooks                  | Скриншот сохранен в файле [temp\Таблица с тремя колонками ноут-1670693199231.png]
[20:26:43.850] | INFO  | main                             | StartPageSteps                   | Страница [Стартовая страница DNS]: Выполнен переход на страницу "Ноутбуки"
[20:26:44.809] | INFO  | main                             | ScreenShotHooks                  | Скриншот сохранен в файле [temp\Таблица с тремя колонками ноут-1670693204598.png]
[20:26:45.448] | INFO  | main                             | ScreenShotHooks                  | Скриншот сохранен в файле [temp\Таблица с тремя колонками ноут-1670693205262.png]
[20:26:45.450] | INFO  | main                             | SmartphonesPageSteps             | Страница [Ноутбуки]: Открыта страница "Ноутбуки"
[20:26:46.098] | INFO  | main                             | ScreenShotHooks                  | Скриншот сохранен в файле [temp\Таблица с тремя колонками ноут-1670693205877.png]
[20:26:46.863] | INFO  | main                             | ScreenShotHooks                  | Скриншот сохранен в файле [temp\Таблица с тремя колонками ноут-1670693206587.png]
[20:26:48.930] | INFO  | main                             | SmartphonesPageSteps             | Страница [Ноутбуки]: Скрыт блок страницы
[20:26:49.709] | INFO  | main                             | ScreenShotHooks                  | Скриншот сохранен в файле [temp\Таблица с тремя колонками ноут-1670693209485.png]
[20:26:50.505] | INFO  | main                             | ScreenShotHooks                  | Скриншот сохранен в файле [temp\Таблица с тремя колонками ноут-1670693210247.png]
[20:26:51.260] | INFO  | main                             | ScreenShotHooks                  | Скриншот сохранен в файле [temp\Таблица с тремя колонками ноут-1670693211025.png]
[20:26:54.768] | INFO  | main                             | DriverHooks                      | Драйвер остановлен!
]]></system-out>
    <system-err><![CDATA[Starting ChromeDriver 108.0.5359.71 (1e0e3868ee06e91ad636a874420e3ca3ae3756ac-refs/branch-heads/5359@{#1016}) on port 17047
Only local connections are allowed.
Please see https://chromedriver.chromium.org/security-considerations for suggestions on keeping ChromeDriver safe.
ChromeDriver was started successfully.
дек. 10, 2022 8:26:30 PM org.openqa.selenium.devtools.CdpVersionFinder findNearestMatch
WARNING: Unable to find an exact match for CDP version 108, so returning the closest version found: 107
дек. 10, 2022 8:26:54 PM org.openqa.selenium.os.OsProcess destroy
SEVERE: Unable to kill process Process[pid=12212, exitValue=1]
]]></system-err>
  </testcase>
</testsuite>