-------------------------------------------------------------------------------
Test set: Смартфоны
-------------------------------------------------------------------------------
Tests run: 9, Failures: 0, Errors: 9, Skipped: 0, Time elapsed: 149.693 s <<< FAILURE! - in Смартфоны
Смартфоны - Просмотр страницы Смартфоны  Time elapsed: 18.24 s  <<< ERROR!
io.cucumber.junit.platform.engine.UndefinedStepException: 
The step 'Открыта страница "Смартфоны"' and 1 other step(s) are undefined.
You can implement these steps using the snippet(s) below:

@Когда("Открыта страница {string}")
public void открыта_страница(String string) {
    // Write code here that turns the phrase above into concrete actions
    throw new io.cucumber.java.PendingException();
}
@Когда("В фильтре {string} выбрано значение {string}")
public void в_фильтре_выбрано_значение(String string, String string2) {
    // Write code here that turns the phrase above into concrete actions
    throw new io.cucumber.java.PendingException();
}


Смартфоны - Проверка заголовка страницы Смартфоны  Time elapsed: 20.711 s  <<< ERROR!
io.cucumber.junit.platform.engine.UndefinedStepException: 
The step 'Открыта страница "Смартфоны"' and 1 other step(s) are undefined.
You can implement these steps using the snippet(s) below:

@Когда("Открыта страница {string}")
public void открыта_страница(String string) {
    // Write code here that turns the phrase above into concrete actions
    throw new io.cucumber.java.PendingException();
}
@Тогда("Проверка: Заголовок страницы {string} содержит текст {string}")
public void проверка_заголовок_страницы_содержит_текст(String string, String string2) {
    // Write code here that turns the phrase above into concrete actions
    throw new io.cucumber.java.PendingException();
}


Смартфоны - Фильтрация и сортировка смартфонов на странице Смартфоны - Примеры - Example #1  Time elapsed: 20.186 s  <<< ERROR!
io.cucumber.junit.platform.engine.UndefinedStepException: 
The step 'Открыта страница "Смартфоны"' and 1 other step(s) are undefined.
You can implement these steps using the snippet(s) below:

@Когда("Открыта страница {string}")
public void открыта_страница(String string) {
    // Write code here that turns the phrase above into concrete actions
    throw new io.cucumber.java.PendingException();
}
@Когда("В фильтре {string} выбрано значение {string}")
public void в_фильтре_выбрано_значение(String string, String string2) {
    // Write code here that turns the phrase above into concrete actions
    throw new io.cucumber.java.PendingException();
}


Смартфоны - Фильтрация и сортировка смартфонов на странице Смартфоны - Примеры - Example #2  Time elapsed: 21.325 s  <<< ERROR!
io.cucumber.junit.platform.engine.UndefinedStepException: 
The step 'Открыта страница "Смартфоны"' and 1 other step(s) are undefined.
You can implement these steps using the snippet(s) below:

@Когда("Открыта страница {string}")
public void открыта_страница(String string) {
    // Write code here that turns the phrase above into concrete actions
    throw new io.cucumber.java.PendingException();
}
@Когда("В фильтре {string} выбрано значение {string}")
public void в_фильтре_выбрано_значение(String string, String string2) {
    // Write code here that turns the phrase above into concrete actions
    throw new io.cucumber.java.PendingException();
}


Смартфоны - Фильтрация и сортировка смартфонов на странице Смартфоны - Примеры - Example #3  Time elapsed: 19.919 s  <<< ERROR!
io.cucumber.junit.platform.engine.UndefinedStepException: 
The step 'Открыта страница "Смартфоны"' and 1 other step(s) are undefined.
You can implement these steps using the snippet(s) below:

@Когда("Открыта страница {string}")
public void открыта_страница(String string) {
    // Write code here that turns the phrase above into concrete actions
    throw new io.cucumber.java.PendingException();
}
@Когда("В фильтре {string} выбрано значение {string}")
public void в_фильтре_выбрано_значение(String string, String string2) {
    // Write code here that turns the phrase above into concrete actions
    throw new io.cucumber.java.PendingException();
}


Смартфоны - Фильтрация и сортировка смартфонов на странице Смартфоны - Примеры - Example #4  Time elapsed: 20.992 s  <<< ERROR!
io.cucumber.junit.platform.engine.UndefinedStepException: 
The step 'Открыта страница "Смартфоны"' and 1 other step(s) are undefined.
You can implement these steps using the snippet(s) below:

@Когда("Открыта страница {string}")
public void открыта_страница(String string) {
    // Write code here that turns the phrase above into concrete actions
    throw new io.cucumber.java.PendingException();
}
@Когда("В фильтре {string} выбрано значение {string}")
public void в_фильтре_выбрано_значение(String string, String string2) {
    // Write code here that turns the phrase above into concrete actions
    throw new io.cucumber.java.PendingException();
}


Смартфоны - Таблица с одной колонкой  Time elapsed: 7.801 s  <<< ERROR!
org.openqa.selenium.NoSuchWindowException: 
no such window: target window already closed
from unknown error: web view not found
  (Session info: chrome=108.0.5359.99)
Build info: version: '4.6.0', revision: '79f1c02ae20'
System info: os.name: 'Windows 10', os.arch: 'amd64', os.version: '10.0', java.version: '11.0.16.1'
Driver info: org.openqa.selenium.chrome.ChromeDriver
Command: [e1eacd8103e825d1b6159e0c649facfc, screenshot {}]
Capabilities {acceptInsecureCerts: true, browserName: chrome, browserVersion: 108.0.5359.99, chrome: {chromedriverVersion: 108.0.5359.71 (1e0e3868ee06..., userDataDir: C:\Users\stasp\AppData\Loca...}, goog:chromeOptions: {debuggerAddress: localhost:64966}, networkConnectionEnabled: false, pageLoadStrategy: normal, platformName: WINDOWS, proxy: Proxy(), se:cdp: ws://localhost:64966/devtoo..., se:cdpVersion: 108.0.5359.99, setWindowRect: true, strictFileInteractability: false, timeouts: {implicit: 0, pageLoad: 300000, script: 30000}, unhandledPromptBehavior: dismiss and notify, webauthn:extension:credBlob: true, webauthn:extension:largeBlob: true, webauthn:virtualAuthenticators: true}
Session ID: e1eacd8103e825d1b6159e0c649facfc

Смартфоны - Таблица с двумя колонками  Time elapsed: 7.519 s  <<< ERROR!
org.openqa.selenium.NoSuchWindowException: 
no such window: target window already closed
from unknown error: web view not found
  (Session info: chrome=108.0.5359.99)
Build info: version: '4.6.0', revision: '79f1c02ae20'
System info: os.name: 'Windows 10', os.arch: 'amd64', os.version: '10.0', java.version: '11.0.16.1'
Driver info: org.openqa.selenium.chrome.ChromeDriver
Command: [46c3c341cc75e8f7768323bc678ecb6d, screenshot {}]
Capabilities {acceptInsecureCerts: true, browserName: chrome, browserVersion: 108.0.5359.99, chrome: {chromedriverVersion: 108.0.5359.71 (1e0e3868ee06..., userDataDir: C:\Users\stasp\AppData\Loca...}, goog:chromeOptions: {debuggerAddress: localhost:65002}, networkConnectionEnabled: false, pageLoadStrategy: normal, platformName: WINDOWS, proxy: Proxy(), se:cdp: ws://localhost:65002/devtoo..., se:cdpVersion: 108.0.5359.99, setWindowRect: true, strictFileInteractability: false, timeouts: {implicit: 0, pageLoad: 300000, script: 30000}, unhandledPromptBehavior: dismiss and notify, webauthn:extension:credBlob: true, webauthn:extension:largeBlob: true, webauthn:virtualAuthenticators: true}
Session ID: 46c3c341cc75e8f7768323bc678ecb6d

Смартфоны - Таблица с тремя колонками  Time elapsed: 12.956 s  <<< ERROR!
org.openqa.selenium.NoSuchWindowException: 
no such window: target window already closed
from unknown error: web view not found
  (Session info: chrome=108.0.5359.99)
Build info: version: '4.6.0', revision: '79f1c02ae20'
System info: os.name: 'Windows 10', os.arch: 'amd64', os.version: '10.0', java.version: '11.0.16.1'
Driver info: org.openqa.selenium.chrome.ChromeDriver
Command: [326e5bca46d6bfc1d214e049b7800816, screenshot {}]
Capabilities {acceptInsecureCerts: true, browserName: chrome, browserVersion: 108.0.5359.99, chrome: {chromedriverVersion: 108.0.5359.71 (1e0e3868ee06..., userDataDir: C:\Users\stasp\AppData\Loca...}, goog:chromeOptions: {debuggerAddress: localhost:65046}, networkConnectionEnabled: false, pageLoadStrategy: normal, platformName: WINDOWS, proxy: Proxy(), se:cdp: ws://localhost:65046/devtoo..., se:cdpVersion: 108.0.5359.99, setWindowRect: true, strictFileInteractability: false, timeouts: {implicit: 0, pageLoad: 300000, script: 30000}, unhandledPromptBehavior: dismiss and notify, webauthn:extension:credBlob: true, webauthn:extension:largeBlob: true, webauthn:virtualAuthenticators: true}
Session ID: 326e5bca46d6bfc1d214e049b7800816

